2017-10-02T20:15:10,082 [ERROR] (Inspector.java:24) - Test error!
2017-10-02T20:15:10,098 [WARN ] (TriangleFileDataParser.java:32) - Invalid parameters string, it will be skipped...
2017-10-02T20:15:10,098 [WARN ] (TriangleFileDataParser.java:32) - Invalid parameters string, it will be skipped...
2017-10-02T20:16:00,788 [ERROR] (Inspector.java:24) - Test error!
2017-10-02T20:16:00,803 [WARN ] (TriangleFileDataParser.java:32) - Invalid parameters string, it will be skipped...
2017-10-02T20:16:00,803 [WARN ] (TriangleFileDataParser.java:32) - Invalid parameters string, it will be skipped...
2017-10-02T20:16:34,358 [WARN ] (TriangleFileDataParser.java:32) - Invalid parameters string, it will be skipped...
2017-10-02T20:16:34,358 [WARN ] (TriangleFileDataParser.java:32) - Invalid parameters string, it will be skipped...
2017-10-02T20:16:34,374 [WARN ] (TriangleFileDataParser.java:32) - Invalid parameters string, it will be skipped...
2017-10-02T20:17:54,476 [WARN ] (TriangleFileDataParser.java:32) - Invalid parameters string, it will be skipped...
2017-10-02T20:17:54,476 [WARN ] (TriangleFileDataParser.java:32) - Invalid parameters string, it will be skipped...
2017-10-02T20:18:02,483 [WARN ] (TriangleFileDataParser.java:32) - Invalid parameters string, it will be skipped...
2017-10-02T20:18:02,483 [WARN ] (TriangleFileDataParser.java:32) - Invalid parameters string, it will be skipped...
2017-10-02T20:18:21,350 [WARN ] (TriangleFileDataParser.java:32) - Invalid parameters string, it will be skipped...
2017-10-02T20:18:21,350 [WARN ] (TriangleFileDataParser.java:32) - Invalid parameters string, it will be skipped...
2017-10-02T20:18:43,277 [WARN ] (TriangleFileDataParser.java:32) - Invalid parameters string, it will be skipped...
2017-10-02T20:18:43,277 [WARN ] (TriangleFileDataParser.java:32) - Invalid parameters string, it will be skipped...
2017-10-02T20:19:22,515 [WARN ] (TriangleFileDataParser.java:32) - Invalid parameters string, it will be skipped...
2017-10-02T20:19:22,515 [WARN ] (TriangleFileDataParser.java:32) - Invalid parameters string, it will be skipped...
2017-10-02T20:19:35,024 [WARN ] (TriangleFileDataParser.java:32) - Invalid parameters string, it will be skipped...
2017-10-02T20:19:35,024 [WARN ] (TriangleFileDataParser.java:32) - Invalid parameters string, it will be skipped...
2017-10-02T20:24:40,960 [WARN ] (TriangleFileDataParser.java:32) - Invalid parameters number in string3.45,-2,0.13,sd,12, it will be skipped...
2017-10-02T20:24:40,960 [WARN ] (TriangleFileDataParser.java:32) - Invalid parameters number in stringtest bad data, it will be skipped...
2017-10-02T20:25:10,077 [WARN ] (TriangleFileDataParser.java:32) - Invalid parameters number in string: [3.45,-2,0.13,sd,12], it will be skipped...
2017-10-02T20:25:10,077 [WARN ] (TriangleFileDataParser.java:32) - Invalid parameters number in string: [test bad data], it will be skipped...
2017-10-02T20:25:50,507 [WARN ] (TriangleFileDataParser.java:32) - Invalid parameters number in string: [3.45,-2,0.13,21,12], it will be skipped...
2017-10-02T20:25:50,507 [WARN ] (TriangleFileDataParser.java:32) - Invalid parameters number in string: [test bad data], it will be skipped...
2017-10-02T20:26:11,317 [WARN ] (TriangleFileDataParser.java:32) - Invalid parameters number in string: [3.45,-2,0.13,21,12], it will be skipped...
2017-10-02T20:26:11,317 [WARN ] (TriangleFileDataParser.java:32) - Invalid parameters number in string: [test bad data], it will be skipped...
2017-10-02T20:27:05,617 [WARN ] (TriangleFileDataParser.java:32) - Invalid parameters number in string: [test bad data], it will be skipped!
2017-10-02T20:27:23,734 [WARN ] (TriangleFileDataParser.java:44) - Invalid !!
2017-10-02T20:28:00,914 [WARN ] (TriangleFileDataParser.java:44) - Invalid !!
2017-10-02T20:29:18,295 [WARN ] (TriangleFileDataParser.java:45) - Invalid !!
2017-10-02T20:30:09,662 [WARN ] (TriangleFileDataParser.java:45) - Invalid parameter in string: [3.45,-2,0.13,21,12,s], it will be skipped!
2017-10-02T20:30:47,754 [WARN ] (TriangleFileDataParser.java:32) - Invalid parameters number in string: [test hello], it will be skipped!
2017-10-02T20:33:42,997 [WARN ] (TriangleFileDataParser.java:31) - Invalid number of parameters: [test hello], string will be skipped!
2017-10-02T20:33:59,529 [WARN ] (TriangleFileDataParser.java:44) - Invalid character: [0,0,1,1,2,badddd], string will be skipped!
2017-10-02T20:33:59,529 [WARN ] (TriangleFileDataParser.java:31) - Invalid number of parameters: [test hello], string will be skipped!
2017-10-02T20:34:34,928 [WARN ] (TriangleFileDataParser.java:44) - Invalid character in line: [0,0,1,1,2,badddd], line will be skipped!
2017-10-02T20:34:34,928 [WARN ] (TriangleFileDataParser.java:31) - Invalid number of parameters: [test hello], line will be skipped!
2017-10-02T20:34:47,598 [WARN ] (TriangleFileDataParser.java:31) - Invalid number of parameters: [test hello], line will be skipped!
2017-10-02T21:32:34,665 [ERROR] (TriangleFileReader.java:38) - File reading error.
2017-10-02T21:32:51,490 [WARN ] (TriangleFileDataParser.java:31) - Invalid number of parameters: [test hello], line will be skipped!
2017-10-03T22:13:26,731 [WARN ] (TriangleFileDataParser.java:31) - Invalid number of parameters: [test hello], line will be skipped!
2017-10-03T22:15:51,338 [WARN ] (TriangleFileDataParser.java:31) - Invalid number of parameters: [test hello], line will be skipped!
2017-10-03T22:16:06,602 [WARN ] (TriangleFileDataParser.java:31) - Invalid number of parameters: [test hello], line will be skipped!
2017-10-03T22:17:09,390 [WARN ] (TriangleFileDataParser.java:31) - Invalid number of parameters: [test hello], line will be skipped!
2017-10-03T22:17:16,833 [WARN ] (TriangleFileDataParser.java:31) - Invalid number of parameters: [test hello], line will be skipped!
2017-10-03T22:17:52,638 [WARN ] (TriangleFileDataParser.java:31) - Invalid number of parameters: [test hello], line will be skipped!
2017-10-08T18:56:57,254 [WARN ] (TriangleFileDataParser.java:31) - Invalid number of parameters: [test hello], line will be skipped!
2017-10-08T19:01:56,560 [WARN ] (TriangleFileDataParser.java:31) - Invalid number of parameters: [test hello], line will be skipped!
2017-10-08T19:01:56,563 [WARN ] (TriangleCreator.java:27) - Incorrect vertex coordinates: [[Ljava.lang.Double;@32d2fa64], it will be skipped!
2017-10-08T19:02:32,223 [WARN ] (TriangleFileDataParser.java:31) - Invalid number of parameters: [test hello], line will be skipped!
2017-10-08T19:02:32,227 [WARN ] (TriangleCreator.java:27) - Incorrect vertex coordinates: [[Ljava.lang.Double;@32d2fa64], it will be skipped!
2017-10-08T19:03:50,096 [WARN ] (TriangleFileDataParser.java:31) - Invalid number of parameters: [test hello], line will be skipped!
2017-10-08T19:03:50,100 [WARN ] (TriangleCreator.java:27) - Incorrect vertex coordinates: [6], it will be skipped!
2017-10-08T19:06:15,452 [WARN ] (TriangleFileDataParser.java:31) - Invalid number of parameters: [test hello], line will be skipped!
2017-10-08T19:06:15,457 [WARN ] (TriangleCreator.java:29) - Incorrect vertex coordinates: [6], it will be skipped!
2017-10-08T19:06:35,032 [WARN ] (TriangleFileDataParser.java:44) - Invalid character in line: [q0,0,1,1,2,5], line will be skipped!
2017-10-08T19:06:35,034 [WARN ] (TriangleFileDataParser.java:31) - Invalid number of parameters: [test hello], line will be skipped!
2017-10-08T19:06:35,036 [WARN ] (TriangleCreator.java:29) - Incorrect vertex coordinates: [6], it will be skipped!
2017-10-08T19:06:46,201 [WARN ] (TriangleFileDataParser.java:31) - Invalid number of parameters: [test hello], line will be skipped!
2017-10-08T19:06:46,205 [WARN ] (TriangleCreator.java:29) - Incorrect vertex coordinates: [6], it will be skipped!
2017-10-08T19:09:01,960 [WARN ] (TriangleFileDataParser.java:31) - Invalid number of parameters: [test hello], line will be skipped!
2017-10-08T19:09:01,965 [WARN ] (TriangleCreator.java:27) - Incorrect vertex coordinates: [6], it will be skipped!
2017-10-08T19:09:34,016 [WARN ] (TriangleFileDataParser.java:31) - Invalid number of parameters: [test hello], line will be skipped!
2017-10-08T19:09:34,020 [WARN ] (TriangleCreator.java:27) - Incorrect vertex coordinates: [6], triangle will be skipped!
2017-10-08T19:15:15,877 [WARN ] (TriangleFileDataParser.java:31) - Invalid number of parameters: [test hello], line will be skipped!
2017-10-08T19:15:15,881 [WARN ] (TriangleCreator.java:30) - Incorrect vertex coordinates in line 4, triangle will be skipped!
2017-10-08T19:15:53,193 [WARN ] (TriangleFileDataParser.java:44) - Invalid character in line: [-3.3,4.1,0=.5,14,5,-3.7], line will be skipped!
2017-10-08T19:15:53,196 [WARN ] (TriangleFileDataParser.java:31) - Invalid number of parameters: [test hello], line will be skipped!
2017-10-08T19:15:53,198 [WARN ] (TriangleCreator.java:29) - Incorrect vertex coordinates in line 3, triangle will be skipped!
2017-10-08T19:16:25,435 [WARN ] (TriangleFileDataParser.java:31) - Invalid number of parameters: [test hello], line will be skipped!
2017-10-08T19:16:25,439 [WARN ] (TriangleCreator.java:29) - Incorrect vertex coordinates in line 4, triangle will be skipped!
2017-10-08T19:25:57,724 [WARN ] (TriangleFileDataParser.java:31) - Invalid number of parameters: [test hello], line will be skipped!
2017-10-08T19:25:57,729 [WARN ] (TriangleCreator.java:29) - Incorrect vertex coordinates in line 4, triangle will be skipped!
2017-10-08T19:26:18,700 [WARN ] (TriangleFileDataParser.java:31) - Invalid number of parameters: [test hello], line will be skipped!
2017-10-08T19:26:18,704 [WARN ] (TriangleCreator.java:29) - Incorrect vertex coordinates in line 4, triangle will be skipped!
2017-10-08T19:29:49,235 [WARN ] (TriangleFileDataParser.java:31) - Invalid number of parameters: [test hello], line will be skipped!
2017-10-08T19:29:49,239 [WARN ] (TriangleCreator.java:29) - Incorrect vertex coordinates in line 4, triangle will be skipped!
2017-10-08T19:30:41,927 [WARN ] (TriangleFileDataParser.java:31) - Invalid number of parameters: [test hello], line will be skipped!
2017-10-08T19:30:41,931 [WARN ] (TriangleCreator.java:29) - Incorrect vertex coordinates in line 4, triangle will be skipped!
2017-10-08T19:32:19,762 [WARN ] (TriangleFileDataParser.java:31) - Invalid number of parameters: [test hello], line will be skipped!
2017-10-08T19:32:19,766 [WARN ] (TriangleCreator.java:29) - Incorrect vertex coordinates in line 4, triangle will be skipped!
2017-10-08T19:35:29,146 [WARN ] (TriangleFileDataParser.java:31) - Invalid number of parameters: [test hello], line will be skipped!
2017-10-08T19:35:29,151 [WARN ] (TriangleCreator.java:29) - Incorrect vertex coordinates in line 4, triangle will be skipped!
2017-10-09T10:37:16,411 [WARN ] (TriangleFileDataParser.java:31) - Invalid number of parameters: [test hello], line will be skipped!
2017-10-09T10:37:16,419 [WARN ] (TriangleCreator.java:29) - Incorrect vertex coordinates in line 4, triangle will be skipped!
2017-10-09T10:38:26,432 [WARN ] (TriangleFileDataParser.java:31) - Invalid number of parameters: [test hello], line will be skipped!
2017-10-09T10:38:26,435 [WARN ] (TriangleCreator.java:29) - Incorrect vertex coordinates in line 4, triangle will be skipped!
2017-10-09T10:41:15,798 [WARN ] (TriangleFileDataParser.java:31) - Invalid number of parameters: [test hello], line will be skipped!
2017-10-09T10:41:15,803 [WARN ] (TriangleCreator.java:29) - Incorrect vertex coordinates in line 4, triangle will be skipped!
2017-10-09T10:42:09,303 [WARN ] (TriangleFileDataParser.java:31) - Invalid number of parameters: [test hello], line will be skipped!
2017-10-09T10:42:09,307 [WARN ] (TriangleCreator.java:29) - Incorrect vertex coordinates in line 4, triangle will be skipped!
2017-10-09T10:42:18,512 [WARN ] (TriangleFileDataParser.java:31) - Invalid number of parameters: [test hello], line will be skipped!
2017-10-09T10:42:18,516 [WARN ] (TriangleCreator.java:29) - Incorrect vertex coordinates in line 4, triangle will be skipped!
2017-10-09T10:43:07,201 [WARN ] (TriangleFileDataParser.java:31) - Invalid number of parameters: [test hello], line will be skipped!
2017-10-09T10:43:07,205 [WARN ] (TriangleCreator.java:29) - Incorrect vertex coordinates in line 4, triangle will be skipped!
2017-10-09T10:44:05,448 [WARN ] (TriangleFileDataParser.java:31) - Invalid number of parameters: [test hello], line will be skipped!
2017-10-09T10:44:05,452 [WARN ] (TriangleCreator.java:29) - Incorrect vertex coordinates in line 4, triangle will be skipped!
2017-10-09T10:45:13,335 [WARN ] (TriangleFileDataParser.java:31) - Invalid number of parameters: [test hello], line will be skipped!
2017-10-09T10:45:13,338 [WARN ] (TriangleCreator.java:29) - Incorrect vertex coordinates in line 4, triangle will be skipped!
2017-10-09T10:49:26,480 [WARN ] (TriangleFileDataParser.java:31) - Invalid number of parameters: [test hello], line will be skipped!
2017-10-09T10:49:26,484 [WARN ] (TriangleCreator.java:29) - Incorrect vertex coordinates in line 4, triangle will be skipped!
2017-10-09T10:51:23,794 [WARN ] (TriangleFileDataParser.java:31) - Invalid number of parameters: [test hello], line will be skipped!
2017-10-09T10:51:23,797 [WARN ] (TriangleCreator.java:29) - Incorrect vertex coordinates in line 4, triangle will be skipped!
2017-10-09T10:59:54,096 [WARN ] (TriangleFileDataParser.java:31) - Invalid number of parameters: [test hello], line will be skipped!
2017-10-09T10:59:54,100 [WARN ] (TriangleCreator.java:29) - Incorrect vertex coordinates in line 4, triangle will be skipped!
2017-10-09T11:03:30,541 [WARN ] (TriangleFileDataParser.java:31) - Invalid number of parameters: [test hello], line will be skipped!
2017-10-09T11:03:30,547 [WARN ] (TriangleCreator.java:29) - Incorrect vertex coordinates in line 4, triangle will be skipped!
2017-10-09T11:04:12,348 [WARN ] (TriangleFileDataParser.java:31) - Invalid number of parameters: [test hello], line will be skipped!
2017-10-09T11:04:12,351 [WARN ] (TriangleCreator.java:29) - Incorrect vertex coordinates in line 4, triangle will be skipped!
2017-10-09T11:04:35,850 [WARN ] (TriangleFileDataParser.java:31) - Invalid number of parameters: [test hello], line will be skipped!
2017-10-09T11:04:35,853 [WARN ] (TriangleCreator.java:29) - Incorrect vertex coordinates in line 4, triangle will be skipped!
2017-10-09T11:24:40,253 [WARN ] (TriangleFileDataParser.java:31) - Invalid number of parameters: [test hello], line will be skipped!
2017-10-09T11:24:40,257 [WARN ] (TriangleCreator.java:29) - Incorrect vertex coordinates in line 4, triangle will be skipped!
2017-10-09T11:25:39,636 [WARN ] (TriangleFileDataParser.java:31) - Invalid number of parameters: [test hello], line will be skipped!
2017-10-09T11:25:39,640 [WARN ] (TriangleCreator.java:29) - Incorrect vertex coordinates in line 4, triangle will be skipped!
2017-10-09T11:26:11,106 [WARN ] (TriangleFileDataParser.java:31) - Invalid number of parameters: [test hello], line will be skipped!
2017-10-09T11:26:11,111 [WARN ] (TriangleCreator.java:29) - Incorrect vertex coordinates in line 4, triangle will be skipped!
2017-10-09T11:27:15,149 [WARN ] (TriangleFileDataParser.java:31) - Invalid number of parameters: [test hello], line will be skipped!
2017-10-09T11:27:15,153 [WARN ] (TriangleCreator.java:29) - Incorrect vertex coordinates in line 4, triangle will be skipped!
2017-10-09T11:29:21,809 [WARN ] (TriangleFileDataParser.java:31) - Invalid number of parameters: [test hello], line will be skipped!
2017-10-09T11:29:21,813 [WARN ] (TriangleCreator.java:29) - Incorrect vertex coordinates in line 4, triangle will be skipped!
2017-10-09T11:29:47,083 [WARN ] (TriangleFileDataParser.java:31) - Invalid number of parameters: [test hello], line will be skipped!
2017-10-09T11:29:47,086 [WARN ] (TriangleCreator.java:29) - Incorrect vertex coordinates in line 4, triangle will be skipped!
2017-10-09T11:32:45,760 [WARN ] (TriangleFileDataParser.java:31) - Invalid number of parameters: [test hello], line will be skipped!
2017-10-09T11:32:45,764 [WARN ] (TriangleCreator.java:29) - Incorrect vertex coordinates in line 4, triangle will be skipped!
2017-10-09T11:34:39,479 [WARN ] (TriangleFileDataParser.java:31) - Invalid number of parameters: [test hello], line will be skipped!
2017-10-09T11:34:39,483 [WARN ] (TriangleCreator.java:29) - Incorrect vertex coordinates in line 4, triangle will be skipped!
2017-10-09T11:34:57,156 [WARN ] (TriangleFileDataParser.java:31) - Invalid number of parameters: [test hello], line will be skipped!
2017-10-09T11:34:57,160 [WARN ] (TriangleCreator.java:29) - Incorrect vertex coordinates in line 4, triangle will be skipped!
2017-10-09T11:36:09,036 [WARN ] (TriangleFileDataParser.java:31) - Invalid number of parameters: [test hello], line will be skipped!
2017-10-09T11:36:09,040 [WARN ] (TriangleCreator.java:29) - Incorrect vertex coordinates in line 4, triangle will be skipped!
2017-10-09T11:36:48,554 [WARN ] (TriangleFileDataParser.java:31) - Invalid number of parameters: [test hello], line will be skipped!
2017-10-09T11:36:48,559 [WARN ] (TriangleCreator.java:29) - Incorrect vertex coordinates in line 4, triangle will be skipped!
2017-10-09T11:38:25,202 [WARN ] (TriangleFileDataParser.java:31) - Invalid number of parameters: [test hello], line will be skipped!
2017-10-09T11:38:25,205 [WARN ] (TriangleCreator.java:29) - Incorrect vertex coordinates in line 4, triangle will be skipped!
2017-10-09T11:39:50,108 [WARN ] (TriangleFileDataParser.java:31) - Invalid number of parameters: [test hello], line will be skipped!
2017-10-09T11:39:50,113 [WARN ] (TriangleCreator.java:29) - Incorrect vertex coordinates in line 4, triangle will be skipped!
2017-10-09T12:35:56,717 [WARN ] (TriangleFileDataParser.java:31) - Invalid number of parameters: [test hello], line will be skipped!
2017-10-09T12:35:56,741 [WARN ] (TriangleCreator.java:29) - Incorrect vertex coordinates in line 4, triangle will be skipped!
2017-10-09T12:40:13,404 [WARN ] (TriangleFileDataParser.java:31) - Invalid number of parameters: [test hello], line will be skipped!
2017-10-09T12:40:13,408 [WARN ] (TriangleCreator.java:29) - Incorrect vertex coordinates in line 4, triangle will be skipped!
2017-10-09T12:41:06,477 [WARN ] (TriangleFileDataParser.java:31) - Invalid number of parameters: [test hello], line will be skipped!
2017-10-09T12:41:06,481 [WARN ] (TriangleCreator.java:29) - Incorrect vertex coordinates in line 4, triangle will be skipped!
2017-10-09T12:45:25,792 [WARN ] (TriangleFileDataParser.java:31) - Invalid number of parameters: [test hello], line will be skipped!
2017-10-09T12:45:25,796 [WARN ] (TriangleCreator.java:29) - Incorrect vertex coordinates in line 4, triangle will be skipped!
2017-10-09T12:46:42,845 [WARN ] (TriangleFileDataParser.java:31) - Invalid number of parameters: [test hello], line will be skipped!
2017-10-09T12:46:42,849 [WARN ] (TriangleCreator.java:29) - Incorrect vertex coordinates in line 4, triangle will be skipped!
2017-10-09T12:47:22,692 [WARN ] (TriangleFileDataParser.java:31) - Invalid number of parameters: [test hello], line will be skipped!
2017-10-09T12:47:22,695 [WARN ] (TriangleCreator.java:29) - Incorrect vertex coordinates in line 4, triangle will be skipped!
2017-10-09T12:47:45,366 [WARN ] (TriangleFileDataParser.java:31) - Invalid number of parameters: [test hello], line will be skipped!
2017-10-09T12:47:45,370 [WARN ] (TriangleCreator.java:29) - Incorrect vertex coordinates in line 4, triangle will be skipped!
2017-10-09T12:48:01,879 [WARN ] (TriangleFileDataParser.java:31) - Invalid number of parameters: [test hello], line will be skipped!
2017-10-09T12:48:01,883 [WARN ] (TriangleCreator.java:29) - Incorrect vertex coordinates in line 4, triangle will be skipped!
2017-10-09T12:49:37,952 [WARN ] (TriangleFileDataParser.java:31) - Invalid number of parameters: [test hello], line will be skipped!
2017-10-09T12:49:37,956 [WARN ] (TriangleCreator.java:29) - Incorrect vertex coordinates in line 4, triangle will be skipped!
2017-10-09T12:49:59,170 [WARN ] (TriangleFileDataParser.java:31) - Invalid number of parameters: [test hello], line will be skipped!
2017-10-09T12:49:59,174 [WARN ] (TriangleCreator.java:29) - Incorrect vertex coordinates in line 4, triangle will be skipped!
2017-10-09T12:50:25,301 [WARN ] (TriangleFileDataParser.java:31) - Invalid number of parameters: [test hello], line will be skipped!
2017-10-09T12:50:25,305 [WARN ] (TriangleCreator.java:29) - Incorrect vertex coordinates in line 4, triangle will be skipped!
2017-10-09T12:51:44,945 [WARN ] (TriangleFileDataParser.java:31) - Invalid number of parameters: [test hello], line will be skipped!
2017-10-09T12:51:44,949 [WARN ] (TriangleCreator.java:29) - Incorrect vertex coordinates in line 4, triangle will be skipped!
2017-10-09T12:51:52,451 [WARN ] (TriangleFileDataParser.java:31) - Invalid number of parameters: [test hello], line will be skipped!
2017-10-09T12:51:52,455 [WARN ] (TriangleCreator.java:29) - Incorrect vertex coordinates in line 4, triangle will be skipped!
2017-10-09T13:12:54,580 [WARN ] (TriangleFileDataParser.java:31) - Invalid number of parameters: [test hello], line will be skipped!
2017-10-09T13:12:54,584 [WARN ] (TriangleCreator.java:41) - Incorrect vertex coordinates in line 4, triangle will be skipped!
2017-10-09T13:13:12,249 [WARN ] (TriangleFileDataParser.java:31) - Invalid number of parameters: [test hello], line will be skipped!
2017-10-09T13:52:06,725 [WARN ] (TriangleFileDataParser.java:31) - Invalid number of parameters: [test hello], line will be skipped!
2017-10-09T13:52:06,730 [WARN ] (TriangleCreator.java:42) - Incorrect vertex coordinates in line 4, triangle will be skipped!
2017-10-09T15:06:30,238 [WARN ] (TriangleFileDataParser.java:31) - Invalid number of parameters: [test hello], line will be skipped!
2017-10-09T15:06:30,253 [WARN ] (TriangleCreator.java:41) - Incorrect vertex coordinates in line 4, triangle will be skipped!
2017-10-09T20:33:11,318 [WARN ] (TriangleFileDataParser.java:34) - Invalid number of parameters: [test hello], line will be skipped!
2017-10-09T20:33:11,364 [WARN ] (TriangleCreator.java:41) - Incorrect vertex coordinates in line 4, triangle will be skipped!
2017-10-11T13:16:10,406 [WARN ] (TriangleFileDataParser.java:34) - Invalid number of parameters: [test hello], line will be skipped!
2017-10-11T13:16:10,411 [WARN ] (TriangleCreator.java:49) - Incorrect vertex coordinates.
2017-10-11T13:17:29,312 [WARN ] (TriangleFileDataParser.java:34) - Invalid number of parameters: [test hello], line will be skipped!
2017-10-11T13:17:29,317 [WARN ] (TriangleCreator.java:49) - Incorrect vertex coordinates.
2017-10-11T13:19:10,434 [WARN ] (TriangleFileDataParser.java:34) - Invalid number of parameters: [test hello], line will be skipped!
2017-10-11T13:19:10,439 [WARN ] (TriangleCreator.java:78) - Incorrect vertex coordinates in line 4, this triangle will be skipped!
2017-10-11T13:20:03,105 [WARN ] (TriangleFileDataParser.java:34) - Invalid number of parameters: [test hello], line will be skipped!
2017-10-11T13:20:03,111 [WARN ] (TriangleCreator.java:78) - Incorrect vertex coordinates in line 5, this triangle will be skipped!
2017-10-11T13:25:18,453 [WARN ] (TriangleFileDataParser.java:34) - Invalid number of parameters: [test hello], line will be skipped!
2017-10-11T13:25:18,458 [WARN ] (TriangleCreator.java:74) - Incorrect number of paraneters in line 5, this line will be skipped!
2017-10-11T13:25:47,041 [WARN ] (TriangleFileDataParser.java:34) - Invalid number of parameters: [test hello], line will be skipped!
2017-10-11T13:25:47,046 [WARN ] (TriangleCreator.java:49) - Incorrect vertex coordinates.
2017-10-11T13:25:47,046 [WARN ] (TriangleCreator.java:86) - Incorrect vertex coordinates in line 5, this triangle will be skipped!
2017-10-11T13:26:38,151 [WARN ] (TriangleFileDataParser.java:34) - Invalid number of parameters: [3,3,3,5,3], line will be skipped!
2017-10-11T13:26:38,154 [WARN ] (TriangleFileDataParser.java:34) - Invalid number of parameters: [test hello], line will be skipped!
2017-10-11T13:27:08,755 [WARN ] (TriangleFileDataParser.java:34) - Invalid number of parameters: [test hello], line will be skipped!
2017-10-11T13:27:08,760 [WARN ] (TriangleCreator.java:49) - Incorrect vertex coordinates.
2017-10-11T13:27:08,760 [WARN ] (TriangleCreator.java:86) - Incorrect vertex coordinates in line 5, this triangle will be skipped!
2017-10-11T13:36:34,810 [WARN ] (TriangleFileDataParser.java:34) - Invalid number of parameters: [test hello], line will be skipped!
2017-10-11T13:36:34,814 [WARN ] (TriangleCreator.java:49) - Incorrect vertex coordinates.
2017-10-11T13:36:34,815 [WARN ] (TriangleCreator.java:90) - Incorrect vertex coordinates in line 5, this triangle will be skipped!
2017-10-14T22:38:40,609 [WARN ] (TriangleCreator.java:52) - Incorrect vertex coordinates.
2017-10-14T22:38:54,826 [WARN ] (TriangleCreator.java:52) - Incorrect vertex coordinates.
2017-10-14T22:38:54,834 [WARN ] (TriangleCreator.java:52) - Incorrect vertex coordinates.
2017-10-14T22:39:09,187 [WARN ] (TriangleCreator.java:52) - Incorrect vertex coordinates.
2017-10-14T22:39:09,194 [WARN ] (TriangleCreator.java:52) - Incorrect vertex coordinates.
2017-10-14T22:39:09,197 [WARN ] (TriangleCreator.java:52) - Incorrect vertex coordinates.
2017-10-14T22:41:21,153 [WARN ] (TriangleCreator.java:52) - Incorrect vertex coordinates.
2017-10-14T22:41:21,160 [WARN ] (TriangleCreator.java:52) - Incorrect vertex coordinates.
2017-10-14T22:41:21,172 [WARN ] (TriangleCreator.java:52) - Incorrect vertex coordinates.
2017-10-14T22:42:11,792 [WARN ] (TriangleCreator.java:52) - Incorrect vertex coordinates.
2017-10-14T22:42:11,809 [WARN ] (TriangleCreator.java:52) - Incorrect vertex coordinates.
2017-10-14T22:42:11,812 [WARN ] (TriangleCreator.java:52) - Incorrect vertex coordinates.
2017-10-20T07:30:55,910 [WARN ] (TriangleFileDataParser.java:23) - Invalid number of parameters: [test hello], line will be skipped!
2017-10-20T07:30:55,917 [WARN ] (TriangleCreator.java:52) - Incorrect vertex coordinates.
2017-10-20T07:30:55,917 [WARN ] (TriangleCreator.java:94) - Incorrect vertex coordinates in line 5, this triangle will be skipped!
2017-10-20T07:31:54,068 [ERROR] (TriangleFileReader.java:35) - File reading error.
2017-10-20T07:32:14,188 [ERROR] (TriangleFileReader.java:35) - File reading error.
2017-10-20T07:32:18,718 [ERROR] (TriangleFileReader.java:35) - File reading error.
2017-10-20T07:34:36,365 [WARN ] (TriangleFileDataParser.java:23) - Invalid number of parameters: [test hello], line will be skipped!
2017-10-20T07:34:36,373 [WARN ] (TriangleCreator.java:52) - Incorrect vertex coordinates.
2017-10-20T07:34:36,374 [WARN ] (TriangleCreator.java:94) - Incorrect vertex coordinates in line 5, this triangle will be skipped!
2017-10-20T07:35:10,990 [WARN ] (TriangleFileDataParser.java:24) - Invalid number of parameters: [test hello], line will be skipped!
2017-10-20T07:35:10,996 [WARN ] (TriangleCreator.java:52) - Incorrect vertex coordinates.
2017-10-20T07:35:10,996 [WARN ] (TriangleCreator.java:94) - Incorrect vertex coordinates in line 5, this triangle will be skipped!
2017-10-20T12:25:08,721 [WARN ] (TriangleFileDataParser.java:24) - Invalid number of parameters: [0,0 3,7 1,3], line will be skipped!
2017-10-20T12:25:08,723 [WARN ] (TriangleFileDataParser.java:24) - Invalid number of parameters: [bla-bla-bla], line will be skipped!
2017-10-20T12:25:08,723 [WARN ] (TriangleFileDataParser.java:24) - Invalid number of parameters: [5,6 3,2 4,5], line will be skipped!
2017-10-20T12:25:08,724 [WARN ] (TriangleFileDataParser.java:24) - Invalid number of parameters: [5,6 w 3,2 z 4,5 zzz], line will be skipped!
2017-10-20T12:25:08,724 [WARN ] (TriangleFileDataParser.java:24) - Invalid number of parameters: [5,6 3,2 4,5 8,-8.1], line will be skipped!
2017-10-20T12:25:08,724 [WARN ] (TriangleFileDataParser.java:24) - Invalid number of parameters: [1.1,1.2 -1.2,-5.6 6,3.1], line will be skipped!
2017-10-20T12:25:08,724 [WARN ] (TriangleFileDataParser.java:24) - Invalid number of parameters: [1.1,1.2. -1..2,-5.6, 6,3.1], line will be skipped!
2017-10-20T12:25:08,724 [WARN ] (TriangleFileDataParser.java:24) - Invalid number of parameters: [-2,2 3,-4 5,6], line will be skipped!
2017-10-20T12:25:08,725 [WARN ] (TriangleFileDataParser.java:24) - Invalid number of parameters: [-2,2, -3.1,-4 5,6], line will be skipped!
2017-10-20T12:31:39,876 [WARN ] (TriangleFileDataParser.java:24) - Invalid number of parameters: [bla-bla-bla], line will be skipped!
2017-10-20T12:31:39,878 [WARN ] (TriangleFileDataParser.java:37) - Invalid character in line: [5,6,w,3,2,z,4,5,zzz], line will be skipped!
2017-10-20T12:31:39,878 [WARN ] (TriangleFileDataParser.java:37) - Invalid character in line: [1.1,1.2.,-1..2,-5.6,6,3.1], line will be skipped!
